<?xml version="1.0" encoding="UTF-8"?>
<testsuite name="com.aor.numbers.DivisibleByFilterTest" tests="1" skipped="0" failures="0" errors="0" timestamp="2020-03-10T14:37:53" hostname="fontao-pc" time="0.0">
  <properties/>
  <testcase name="someNumbersBy3" classname="com.aor.numbers.DivisibleByFilterTest" time="0.0"/>
  <system-out><![CDATA[]]></system-out>
  <system-err><![CDATA[]]></system-err>
</testsuite>
