<?xml version="1.0" encoding="UTF-8"?>
<testsuite name="com.aor.numbers.ListFiltererTest" tests="2" skipped="0" failures="0" errors="0" timestamp="2020-03-10T14:37:52" hostname="fontao-pc" time="0.882">
  <properties/>
  <testcase name="divisibleBy5" classname="com.aor.numbers.ListFiltererTest" time="0.847"/>
  <testcase name="positive" classname="com.aor.numbers.ListFiltererTest" time="0.034"/>
  <system-out><![CDATA[]]></system-out>
  <system-err><![CDATA[]]></system-err>
</testsuite>
